mode: count
be-4-rs-crud/src/db/sqlc/transaction.sql.go:28.108,45.2 4 0
be-4-rs-crud/src/db/sqlc/transaction.sql.go:51.78,54.2 2 0
be-4-rs-crud/src/db/sqlc/transaction.sql.go:65.106,67.16 2 0
be-4-rs-crud/src/db/sqlc/transaction.sql.go:70.2,72.18 3 0
be-4-rs-crud/src/db/sqlc/transaction.sql.go:86.2,86.37 1 0
be-4-rs-crud/src/db/sqlc/transaction.sql.go:89.2,89.35 1 0
be-4-rs-crud/src/db/sqlc/transaction.sql.go:92.2,92.19 1 0
be-4-rs-crud/src/db/sqlc/transaction.sql.go:67.16,69.3 1 0
be-4-rs-crud/src/db/sqlc/transaction.sql.go:72.18,81.17 2 0
be-4-rs-crud/src/db/sqlc/transaction.sql.go:84.3,84.27 1 0
be-4-rs-crud/src/db/sqlc/transaction.sql.go:81.17,83.4 1 0
be-4-rs-crud/src/db/sqlc/transaction.sql.go:86.37,88.3 1 0
be-4-rs-crud/src/db/sqlc/transaction.sql.go:89.35,91.3 1 0
be-4-rs-crud/src/db/sqlc/transaction.sql.go:99.91,111.2 4 0
be-4-rs-crud/src/db/sqlc/transaction.sql.go:122.116,134.2 4 0
be-4-rs-crud/api/server.go:14.40,22.2 5 1
be-4-rs-crud/api/server.go:24.51,26.2 1 0
be-4-rs-crud/api/server.go:28.37,30.2 1 0
be-4-rs-crud/src/db/sqlc/store.go:20.33,25.2 1 0
be-4-rs-crud/src/db/sqlc/store.go:27.83,29.16 2 0
be-4-rs-crud/src/db/sqlc/store.go:33.2,35.16 3 0
be-4-rs-crud/src/db/sqlc/store.go:42.2,42.20 1 0
be-4-rs-crud/src/db/sqlc/store.go:29.16,31.3 1 0
be-4-rs-crud/src/db/sqlc/store.go:35.16,36.43 1 0
be-4-rs-crud/src/db/sqlc/store.go:39.3,39.13 1 0
be-4-rs-crud/src/db/sqlc/store.go:36.43,38.4 1 0
be-4-rs-crud/src/db/sqlc/store.go:58.109,61.50 2 0
be-4-rs-crud/src/db/sqlc/store.go:96.2,96.20 1 0
be-4-rs-crud/src/db/sqlc/store.go:61.50,70.17 3 0
be-4-rs-crud/src/db/sqlc/store.go:74.3,75.17 2 0
be-4-rs-crud/src/db/sqlc/store.go:78.3,84.17 3 0
be-4-rs-crud/src/db/sqlc/store.go:88.3,89.17 2 0
be-4-rs-crud/src/db/sqlc/store.go:93.3,93.13 1 0
be-4-rs-crud/src/db/sqlc/store.go:70.17,72.4 1 0
be-4-rs-crud/src/db/sqlc/store.go:75.17,77.4 1 0
be-4-rs-crud/src/db/sqlc/store.go:84.17,86.4 1 0
be-4-rs-crud/src/db/sqlc/store.go:89.17,91.4 1 0
be-4-rs-crud/api/account_controller.go:7.64,12.2 4 1
be-4-rs-crud/src/db/sqlc/account.sql.go:26.96,36.2 4 0
be-4-rs-crud/src/db/sqlc/account.sql.go:42.70,45.2 2 0
be-4-rs-crud/src/db/sqlc/account.sql.go:51.82,61.2 4 0
be-4-rs-crud/src/db/sqlc/account.sql.go:72.96,74.16 2 0
be-4-rs-crud/src/db/sqlc/account.sql.go:77.2,79.18 3 0
be-4-rs-crud/src/db/sqlc/account.sql.go:91.2,91.37 1 0
be-4-rs-crud/src/db/sqlc/account.sql.go:94.2,94.35 1 0
be-4-rs-crud/src/db/sqlc/account.sql.go:97.2,97.19 1 0
be-4-rs-crud/src/db/sqlc/account.sql.go:74.16,76.3 1 0
be-4-rs-crud/src/db/sqlc/account.sql.go:79.18,86.17 2 0
be-4-rs-crud/src/db/sqlc/account.sql.go:89.3,89.27 1 0
be-4-rs-crud/src/db/sqlc/account.sql.go:86.17,88.4 1 0
be-4-rs-crud/src/db/sqlc/account.sql.go:91.37,93.3 1 0
be-4-rs-crud/src/db/sqlc/account.sql.go:94.35,96.3 1 0
be-4-rs-crud/src/db/sqlc/account.sql.go:111.96,121.2 4 0
be-4-rs-crud/utils/random.go:13.13,15.2 1 1
be-4-rs-crud/utils/random.go:17.38,19.2 1 1
be-4-rs-crud/utils/random.go:21.33,25.25 3 0
be-4-rs-crud/utils/random.go:29.2,29.20 1 0
be-4-rs-crud/utils/random.go:25.25,28.3 2 0
be-4-rs-crud/utils/random.go:32.36,37.27 4 2
be-4-rs-crud/utils/random.go:41.2,44.35 3 2
be-4-rs-crud/utils/random.go:37.27,40.3 2 28
be-4-rs-crud/utils/random.go:47.30,49.2 1 0
be-4-rs-crud/utils/random.go:51.26,53.2 1 0
be-4-rs-crud/utils/random.go:55.30,59.2 3 0
be-4-rs-crud/src/db/mock/store.go:27.55,31.2 3 1
be-4-rs-crud/src/db/mock/store.go:34.53,36.2 1 1
be-4-rs-crud/src/db/mock/store.go:39.106,45.2 5 0
be-4-rs-crud/src/db/mock/store.go:48.85,51.2 2 0
be-4-rs-crud/src/db/mock/store.go:54.96,60.2 5 0
be-4-rs-crud/src/db/mock/store.go:63.89,66.2 2 0
be-4-rs-crud/src/db/mock/store.go:69.118,75.2 5 0
be-4-rs-crud/src/db/mock/store.go:78.89,81.2 2 0
be-4-rs-crud/src/db/mock/store.go:84.75,89.2 4 0
be-4-rs-crud/src/db/mock/store.go:92.85,95.2 2 0
be-4-rs-crud/src/db/mock/store.go:98.76,103.2 4 0
be-4-rs-crud/src/db/mock/store.go:106.86,109.2 2 0
be-4-rs-crud/src/db/mock/store.go:112.83,117.2 4 0
be-4-rs-crud/src/db/mock/store.go:120.93,123.2 2 0
be-4-rs-crud/src/db/mock/store.go:126.90,132.2 5 1
be-4-rs-crud/src/db/mock/store.go:135.86,138.2 2 1
be-4-rs-crud/src/db/mock/store.go:141.108,147.2 5 0
be-4-rs-crud/src/db/mock/store.go:150.84,153.2 2 0
be-4-rs-crud/src/db/mock/store.go:156.92,162.2 5 0
be-4-rs-crud/src/db/mock/store.go:165.86,168.2 2 0
be-4-rs-crud/src/db/mock/store.go:171.116,177.2 5 0
be-4-rs-crud/src/db/mock/store.go:180.87,183.2 2 0
be-4-rs-crud/src/db/mock/store.go:186.99,192.2 5 0
be-4-rs-crud/src/db/mock/store.go:195.91,198.2 2 0
be-4-rs-crud/src/db/mock/store.go:201.106,207.2 5 0
be-4-rs-crud/src/db/mock/store.go:210.84,213.2 2 0
be-4-rs-crud/src/db/mock/store.go:216.114,222.2 5 0
be-4-rs-crud/src/db/mock/store.go:225.85,228.2 2 0
be-4-rs-crud/src/db/mock/store.go:231.106,237.2 5 0
be-4-rs-crud/src/db/mock/store.go:240.85,243.2 2 0
be-4-rs-crud/src/db/mock/store.go:246.124,252.2 5 0
be-4-rs-crud/src/db/mock/store.go:255.93,258.2 2 0
be-4-rs-crud/src/db/mock/store.go:261.126,267.2 5 0
be-4-rs-crud/src/db/mock/store.go:270.93,273.2 2 0
be-4-rs-crud/main.go:19.13,21.16 2 0
be-4-rs-crud/main.go:25.2,26.16 2 0
be-4-rs-crud/main.go:30.2,34.16 4 0
be-4-rs-crud/main.go:21.16,23.3 1 0
be-4-rs-crud/main.go:26.16,28.3 1 0
be-4-rs-crud/main.go:34.16,36.3 1 0
be-4-rs-crud/api/account.go:18.55,20.49 2 0
be-4-rs-crud/api/account.go:25.2,31.16 3 0
be-4-rs-crud/api/account.go:36.2,36.30 1 0
be-4-rs-crud/api/account.go:20.49,23.3 2 0
be-4-rs-crud/api/account.go:31.16,34.3 2 0
be-4-rs-crud/api/account.go:43.56,48.48 2 1
be-4-rs-crud/api/account.go:53.2,54.16 2 1
be-4-rs-crud/api/account.go:63.2,63.30 1 1
be-4-rs-crud/api/account.go:48.48,51.3 2 0
be-4-rs-crud/api/account.go:54.16,55.27 1 0
be-4-rs-crud/api/account.go:59.3,60.9 2 0
be-4-rs-crud/api/account.go:55.27,58.4 2 0
be-4-rs-crud/api/account.go:72.54,74.50 2 0
be-4-rs-crud/api/account.go:79.2,85.16 3 0
be-4-rs-crud/api/account.go:90.2,90.31 1 0
be-4-rs-crud/api/account.go:74.50,77.3 2 0
be-4-rs-crud/api/account.go:85.16,88.3 2 0
be-4-rs-crud/api/account.go:94.55,99.16 4 0
be-4-rs-crud/api/account.go:103.2,105.4 1 0
be-4-rs-crud/api/account.go:99.16,101.3 1 0
be-4-rs-crud/src/db/sqlc/db.go:19.28,21.2 1 0
be-4-rs-crud/src/db/sqlc/db.go:27.47,31.2 1 0
be-4-rs-crud/src/db/sqlc/payment_by.sql.go:18.97,23.2 4 0
be-4-rs-crud/src/db/sqlc/payment_by.sql.go:29.71,32.2 2 0
be-4-rs-crud/src/db/sqlc/payment_by.sql.go:43.98,45.16 2 0
be-4-rs-crud/src/db/sqlc/payment_by.sql.go:48.2,50.18 3 0
be-4-rs-crud/src/db/sqlc/payment_by.sql.go:57.2,57.37 1 0
be-4-rs-crud/src/db/sqlc/payment_by.sql.go:60.2,60.35 1 0
be-4-rs-crud/src/db/sqlc/payment_by.sql.go:63.2,63.19 1 0
be-4-rs-crud/src/db/sqlc/payment_by.sql.go:45.16,47.3 1 0
be-4-rs-crud/src/db/sqlc/payment_by.sql.go:50.18,52.58 2 0
be-4-rs-crud/src/db/sqlc/payment_by.sql.go:55.3,55.27 1 0
be-4-rs-crud/src/db/sqlc/payment_by.sql.go:52.58,54.4 1 0
be-4-rs-crud/src/db/sqlc/payment_by.sql.go:57.37,59.3 1 0
be-4-rs-crud/src/db/sqlc/payment_by.sql.go:60.35,62.3 1 0
be-4-rs-crud/src/db/sqlc/payment_by.sql.go:70.84,75.2 4 0
be-4-rs-crud/src/db/sqlc/payment_by.sql.go:86.114,91.2 4 0
be-4-rs-crud/utils/config.go:11.57,19.16 6 0
be-4-rs-crud/utils/config.go:23.2,24.8 2 0
be-4-rs-crud/utils/config.go:19.16,21.3 1 0
be-4-rs-crud/api/server.go:14.40,22.2 5 0
be-4-rs-crud/api/server.go:24.51,26.2 1 0
be-4-rs-crud/api/server.go:28.37,30.2 1 0
be-4-rs-crud/main.go:19.13,21.16 2 0
be-4-rs-crud/main.go:25.2,26.16 2 0
be-4-rs-crud/main.go:30.2,34.16 4 0
be-4-rs-crud/main.go:21.16,23.3 1 0
be-4-rs-crud/main.go:26.16,28.3 1 0
be-4-rs-crud/main.go:34.16,36.3 1 0
be-4-rs-crud/src/db/sqlc/store.go:20.33,25.2 1 1
be-4-rs-crud/src/db/sqlc/store.go:27.83,29.16 2 3
be-4-rs-crud/src/db/sqlc/store.go:33.2,35.16 3 3
be-4-rs-crud/src/db/sqlc/store.go:42.2,42.20 1 1
be-4-rs-crud/src/db/sqlc/store.go:29.16,31.3 1 0
be-4-rs-crud/src/db/sqlc/store.go:35.16,36.43 1 2
be-4-rs-crud/src/db/sqlc/store.go:39.3,39.13 1 2
be-4-rs-crud/src/db/sqlc/store.go:36.43,38.4 1 0
be-4-rs-crud/src/db/sqlc/store.go:58.109,61.50 2 3
be-4-rs-crud/src/db/sqlc/store.go:96.2,96.20 1 3
be-4-rs-crud/src/db/sqlc/store.go:61.50,70.17 3 3
be-4-rs-crud/src/db/sqlc/store.go:74.3,75.17 2 1
be-4-rs-crud/src/db/sqlc/store.go:78.3,84.17 3 1
be-4-rs-crud/src/db/sqlc/store.go:88.3,89.17 2 1
be-4-rs-crud/src/db/sqlc/store.go:93.3,93.13 1 1
be-4-rs-crud/src/db/sqlc/store.go:70.17,72.4 1 2
be-4-rs-crud/src/db/sqlc/store.go:75.17,77.4 1 0
be-4-rs-crud/src/db/sqlc/store.go:84.17,86.4 1 0
be-4-rs-crud/src/db/sqlc/store.go:89.17,91.4 1 0
be-4-rs-crud/utils/random.go:13.13,15.2 1 1
be-4-rs-crud/utils/random.go:17.38,19.2 1 1
be-4-rs-crud/utils/random.go:21.33,25.25 3 18
be-4-rs-crud/utils/random.go:29.2,29.20 1 18
be-4-rs-crud/utils/random.go:25.25,28.3 2 150
be-4-rs-crud/utils/random.go:32.36,37.27 4 16
be-4-rs-crud/utils/random.go:41.2,44.35 3 16
be-4-rs-crud/utils/random.go:37.27,40.3 2 48
be-4-rs-crud/utils/random.go:47.30,49.2 1 15
be-4-rs-crud/utils/random.go:51.26,53.2 1 1
be-4-rs-crud/utils/random.go:55.30,59.2 3 0
be-4-rs-crud/src/db/sqlc/account.sql.go:26.96,36.2 4 15
be-4-rs-crud/src/db/sqlc/account.sql.go:42.70,45.2 2 1
be-4-rs-crud/src/db/sqlc/account.sql.go:51.82,61.2 4 3
be-4-rs-crud/src/db/sqlc/account.sql.go:72.96,74.16 2 2
be-4-rs-crud/src/db/sqlc/account.sql.go:77.2,79.18 3 1
be-4-rs-crud/src/db/sqlc/account.sql.go:91.2,91.37 1 1
be-4-rs-crud/src/db/sqlc/account.sql.go:94.2,94.35 1 1
be-4-rs-crud/src/db/sqlc/account.sql.go:97.2,97.19 1 1
be-4-rs-crud/src/db/sqlc/account.sql.go:74.16,76.3 1 1
be-4-rs-crud/src/db/sqlc/account.sql.go:79.18,86.17 2 5
be-4-rs-crud/src/db/sqlc/account.sql.go:89.3,89.27 1 5
be-4-rs-crud/src/db/sqlc/account.sql.go:86.17,88.4 1 0
be-4-rs-crud/src/db/sqlc/account.sql.go:91.37,93.3 1 0
be-4-rs-crud/src/db/sqlc/account.sql.go:94.35,96.3 1 0
be-4-rs-crud/src/db/sqlc/account.sql.go:111.96,121.2 4 2
be-4-rs-crud/src/db/sqlc/db.go:19.28,21.2 1 5
be-4-rs-crud/src/db/sqlc/db.go:27.47,31.2 1 0
be-4-rs-crud/api/account.go:18.55,20.49 2 0
be-4-rs-crud/api/account.go:25.2,31.16 3 0
be-4-rs-crud/api/account.go:36.2,36.30 1 0
be-4-rs-crud/api/account.go:20.49,23.3 2 0
be-4-rs-crud/api/account.go:31.16,34.3 2 0
be-4-rs-crud/api/account.go:43.56,48.48 2 0
be-4-rs-crud/api/account.go:53.2,54.16 2 0
be-4-rs-crud/api/account.go:63.2,63.30 1 0
be-4-rs-crud/api/account.go:48.48,51.3 2 0
be-4-rs-crud/api/account.go:54.16,55.27 1 0
be-4-rs-crud/api/account.go:59.3,60.9 2 0
be-4-rs-crud/api/account.go:55.27,58.4 2 0
be-4-rs-crud/api/account.go:72.54,74.50 2 0
be-4-rs-crud/api/account.go:79.2,85.16 3 0
be-4-rs-crud/api/account.go:90.2,90.31 1 0
be-4-rs-crud/api/account.go:74.50,77.3 2 0
be-4-rs-crud/api/account.go:85.16,88.3 2 0
be-4-rs-crud/api/account.go:94.55,99.16 4 0
be-4-rs-crud/api/account.go:103.2,105.4 1 0
be-4-rs-crud/api/account.go:99.16,101.3 1 0
be-4-rs-crud/api/account_controller.go:7.64,12.2 4 0
be-4-rs-crud/utils/config.go:11.57,19.16 6 1
be-4-rs-crud/utils/config.go:23.2,24.8 2 1
be-4-rs-crud/utils/config.go:19.16,21.3 1 0
be-4-rs-crud/src/db/mock/store.go:27.55,31.2 3 0
be-4-rs-crud/src/db/mock/store.go:34.53,36.2 1 0
be-4-rs-crud/src/db/mock/store.go:39.106,45.2 5 0
be-4-rs-crud/src/db/mock/store.go:48.85,51.2 2 0
be-4-rs-crud/src/db/mock/store.go:54.96,60.2 5 0
be-4-rs-crud/src/db/mock/store.go:63.89,66.2 2 0
be-4-rs-crud/src/db/mock/store.go:69.118,75.2 5 0
be-4-rs-crud/src/db/mock/store.go:78.89,81.2 2 0
be-4-rs-crud/src/db/mock/store.go:84.75,89.2 4 0
be-4-rs-crud/src/db/mock/store.go:92.85,95.2 2 0
be-4-rs-crud/src/db/mock/store.go:98.76,103.2 4 0
be-4-rs-crud/src/db/mock/store.go:106.86,109.2 2 0
be-4-rs-crud/src/db/mock/store.go:112.83,117.2 4 0
be-4-rs-crud/src/db/mock/store.go:120.93,123.2 2 0
be-4-rs-crud/src/db/mock/store.go:126.90,132.2 5 0
be-4-rs-crud/src/db/mock/store.go:135.86,138.2 2 0
be-4-rs-crud/src/db/mock/store.go:141.108,147.2 5 0
be-4-rs-crud/src/db/mock/store.go:150.84,153.2 2 0
be-4-rs-crud/src/db/mock/store.go:156.92,162.2 5 0
be-4-rs-crud/src/db/mock/store.go:165.86,168.2 2 0
be-4-rs-crud/src/db/mock/store.go:171.116,177.2 5 0
be-4-rs-crud/src/db/mock/store.go:180.87,183.2 2 0
be-4-rs-crud/src/db/mock/store.go:186.99,192.2 5 0
be-4-rs-crud/src/db/mock/store.go:195.91,198.2 2 0
be-4-rs-crud/src/db/mock/store.go:201.106,207.2 5 0
be-4-rs-crud/src/db/mock/store.go:210.84,213.2 2 0
be-4-rs-crud/src/db/mock/store.go:216.114,222.2 5 0
be-4-rs-crud/src/db/mock/store.go:225.85,228.2 2 0
be-4-rs-crud/src/db/mock/store.go:231.106,237.2 5 0
be-4-rs-crud/src/db/mock/store.go:240.85,243.2 2 0
be-4-rs-crud/src/db/mock/store.go:246.124,252.2 5 0
be-4-rs-crud/src/db/mock/store.go:255.93,258.2 2 0
be-4-rs-crud/src/db/mock/store.go:261.126,267.2 5 0
be-4-rs-crud/src/db/mock/store.go:270.93,273.2 2 0
be-4-rs-crud/src/db/sqlc/payment_by.sql.go:18.97,23.2 4 5
be-4-rs-crud/src/db/sqlc/payment_by.sql.go:29.71,32.2 2 1
be-4-rs-crud/src/db/sqlc/payment_by.sql.go:43.98,45.16 2 0
be-4-rs-crud/src/db/sqlc/payment_by.sql.go:48.2,50.18 3 0
be-4-rs-crud/src/db/sqlc/payment_by.sql.go:57.2,57.37 1 0
be-4-rs-crud/src/db/sqlc/payment_by.sql.go:60.2,60.35 1 0
be-4-rs-crud/src/db/sqlc/payment_by.sql.go:63.2,63.19 1 0
be-4-rs-crud/src/db/sqlc/payment_by.sql.go:45.16,47.3 1 0
be-4-rs-crud/src/db/sqlc/payment_by.sql.go:50.18,52.58 2 0
be-4-rs-crud/src/db/sqlc/payment_by.sql.go:55.3,55.27 1 0
be-4-rs-crud/src/db/sqlc/payment_by.sql.go:52.58,54.4 1 0
be-4-rs-crud/src/db/sqlc/payment_by.sql.go:57.37,59.3 1 0
be-4-rs-crud/src/db/sqlc/payment_by.sql.go:60.35,62.3 1 0
be-4-rs-crud/src/db/sqlc/payment_by.sql.go:70.84,75.2 4 1
be-4-rs-crud/src/db/sqlc/payment_by.sql.go:86.114,91.2 4 0
be-4-rs-crud/src/db/sqlc/transaction.sql.go:28.108,45.2 4 3
be-4-rs-crud/src/db/sqlc/transaction.sql.go:51.78,54.2 2 0
be-4-rs-crud/src/db/sqlc/transaction.sql.go:65.106,67.16 2 0
be-4-rs-crud/src/db/sqlc/transaction.sql.go:70.2,72.18 3 0
be-4-rs-crud/src/db/sqlc/transaction.sql.go:86.2,86.37 1 0
be-4-rs-crud/src/db/sqlc/transaction.sql.go:89.2,89.35 1 0
be-4-rs-crud/src/db/sqlc/transaction.sql.go:92.2,92.19 1 0
be-4-rs-crud/src/db/sqlc/transaction.sql.go:67.16,69.3 1 0
be-4-rs-crud/src/db/sqlc/transaction.sql.go:72.18,81.17 2 0
be-4-rs-crud/src/db/sqlc/transaction.sql.go:84.3,84.27 1 0
be-4-rs-crud/src/db/sqlc/transaction.sql.go:81.17,83.4 1 0
be-4-rs-crud/src/db/sqlc/transaction.sql.go:86.37,88.3 1 0
be-4-rs-crud/src/db/sqlc/transaction.sql.go:89.35,91.3 1 0
be-4-rs-crud/src/db/sqlc/transaction.sql.go:99.91,111.2 4 1
be-4-rs-crud/src/db/sqlc/transaction.sql.go:122.116,134.2 4 0
