mode: count
be-4-rs-crud/src/db/sqlc/account.sql.go:26.96,36.2 4 15
be-4-rs-crud/src/db/sqlc/account.sql.go:42.70,45.2 2 1
be-4-rs-crud/src/db/sqlc/account.sql.go:51.82,61.2 4 3
be-4-rs-crud/src/db/sqlc/account.sql.go:72.96,74.16 2 2
be-4-rs-crud/src/db/sqlc/account.sql.go:77.2,79.18 3 1
be-4-rs-crud/src/db/sqlc/account.sql.go:91.2,91.37 1 1
be-4-rs-crud/src/db/sqlc/account.sql.go:94.2,94.35 1 1
be-4-rs-crud/src/db/sqlc/account.sql.go:97.2,97.19 1 1
be-4-rs-crud/src/db/sqlc/account.sql.go:74.16,76.3 1 1
be-4-rs-crud/src/db/sqlc/account.sql.go:79.18,86.17 2 5
be-4-rs-crud/src/db/sqlc/account.sql.go:89.3,89.27 1 5
be-4-rs-crud/src/db/sqlc/account.sql.go:86.17,88.4 1 0
be-4-rs-crud/src/db/sqlc/account.sql.go:91.37,93.3 1 0
be-4-rs-crud/src/db/sqlc/account.sql.go:94.35,96.3 1 0
be-4-rs-crud/src/db/sqlc/account.sql.go:111.96,121.2 4 2
be-4-rs-crud/src/db/sqlc/db.go:19.28,21.2 1 5
be-4-rs-crud/src/db/sqlc/db.go:27.47,31.2 1 0
be-4-rs-crud/src/db/sqlc/payment_by.sql.go:18.97,23.2 4 5
be-4-rs-crud/src/db/sqlc/payment_by.sql.go:29.71,32.2 2 1
be-4-rs-crud/src/db/sqlc/payment_by.sql.go:43.98,45.16 2 0
be-4-rs-crud/src/db/sqlc/payment_by.sql.go:48.2,50.18 3 0
be-4-rs-crud/src/db/sqlc/payment_by.sql.go:57.2,57.37 1 0
be-4-rs-crud/src/db/sqlc/payment_by.sql.go:60.2,60.35 1 0
be-4-rs-crud/src/db/sqlc/payment_by.sql.go:63.2,63.19 1 0
be-4-rs-crud/src/db/sqlc/payment_by.sql.go:45.16,47.3 1 0
be-4-rs-crud/src/db/sqlc/payment_by.sql.go:50.18,52.58 2 0
be-4-rs-crud/src/db/sqlc/payment_by.sql.go:55.3,55.27 1 0
be-4-rs-crud/src/db/sqlc/payment_by.sql.go:52.58,54.4 1 0
be-4-rs-crud/src/db/sqlc/payment_by.sql.go:57.37,59.3 1 0
be-4-rs-crud/src/db/sqlc/payment_by.sql.go:60.35,62.3 1 0
be-4-rs-crud/src/db/sqlc/payment_by.sql.go:70.84,75.2 4 1
be-4-rs-crud/src/db/sqlc/payment_by.sql.go:86.114,91.2 4 0
be-4-rs-crud/src/db/sqlc/store.go:20.33,25.2 1 1
be-4-rs-crud/src/db/sqlc/store.go:27.83,29.16 2 3
be-4-rs-crud/src/db/sqlc/store.go:33.2,35.16 3 3
be-4-rs-crud/src/db/sqlc/store.go:42.2,42.20 1 1
be-4-rs-crud/src/db/sqlc/store.go:29.16,31.3 1 0
be-4-rs-crud/src/db/sqlc/store.go:35.16,36.43 1 2
be-4-rs-crud/src/db/sqlc/store.go:39.3,39.13 1 2
be-4-rs-crud/src/db/sqlc/store.go:36.43,38.4 1 0
be-4-rs-crud/src/db/sqlc/store.go:58.109,61.50 2 3
be-4-rs-crud/src/db/sqlc/store.go:96.2,96.20 1 3
be-4-rs-crud/src/db/sqlc/store.go:61.50,70.17 3 3
be-4-rs-crud/src/db/sqlc/store.go:74.3,75.17 2 1
be-4-rs-crud/src/db/sqlc/store.go:78.3,84.17 3 1
be-4-rs-crud/src/db/sqlc/store.go:88.3,89.17 2 1
be-4-rs-crud/src/db/sqlc/store.go:93.3,93.13 1 1
be-4-rs-crud/src/db/sqlc/store.go:70.17,72.4 1 2
be-4-rs-crud/src/db/sqlc/store.go:75.17,77.4 1 0
be-4-rs-crud/src/db/sqlc/store.go:84.17,86.4 1 0
be-4-rs-crud/src/db/sqlc/store.go:89.17,91.4 1 0
be-4-rs-crud/src/db/sqlc/transaction.sql.go:28.108,45.2 4 3
be-4-rs-crud/src/db/sqlc/transaction.sql.go:51.78,54.2 2 0
be-4-rs-crud/src/db/sqlc/transaction.sql.go:65.106,67.16 2 0
be-4-rs-crud/src/db/sqlc/transaction.sql.go:70.2,72.18 3 0
be-4-rs-crud/src/db/sqlc/transaction.sql.go:86.2,86.37 1 0
be-4-rs-crud/src/db/sqlc/transaction.sql.go:89.2,89.35 1 0
be-4-rs-crud/src/db/sqlc/transaction.sql.go:92.2,92.19 1 0
be-4-rs-crud/src/db/sqlc/transaction.sql.go:67.16,69.3 1 0
be-4-rs-crud/src/db/sqlc/transaction.sql.go:72.18,81.17 2 0
be-4-rs-crud/src/db/sqlc/transaction.sql.go:84.3,84.27 1 0
be-4-rs-crud/src/db/sqlc/transaction.sql.go:81.17,83.4 1 0
be-4-rs-crud/src/db/sqlc/transaction.sql.go:86.37,88.3 1 0
be-4-rs-crud/src/db/sqlc/transaction.sql.go:89.35,91.3 1 0
be-4-rs-crud/src/db/sqlc/transaction.sql.go:102.91,114.2 4 1
be-4-rs-crud/src/db/sqlc/transaction.sql.go:125.116,137.2 4 0
