mode: count
be-4-rs-crud/api/server.go:14.40,22.2 5 4
be-4-rs-crud/api/server.go:24.51,26.2 1 0
be-4-rs-crud/api/server.go:28.37,30.2 1 3
be-4-rs-crud/api/account.go:18.55,20.49 2 0
be-4-rs-crud/api/account.go:25.2,31.16 3 0
be-4-rs-crud/api/account.go:36.2,36.30 1 0
be-4-rs-crud/api/account.go:20.49,23.3 2 0
be-4-rs-crud/api/account.go:31.16,34.3 2 0
be-4-rs-crud/api/account.go:43.56,48.48 2 4
be-4-rs-crud/api/account.go:53.2,54.16 2 3
be-4-rs-crud/api/account.go:63.2,63.30 1 1
be-4-rs-crud/api/account.go:48.48,51.3 2 1
be-4-rs-crud/api/account.go:54.16,55.27 1 2
be-4-rs-crud/api/account.go:59.3,60.9 2 1
be-4-rs-crud/api/account.go:55.27,58.4 2 1
be-4-rs-crud/api/account.go:72.54,74.50 2 0
be-4-rs-crud/api/account.go:79.2,85.16 3 0
be-4-rs-crud/api/account.go:90.2,90.31 1 0
be-4-rs-crud/api/account.go:74.50,77.3 2 0
be-4-rs-crud/api/account.go:85.16,88.3 2 0
be-4-rs-crud/api/account.go:94.55,99.16 4 0
be-4-rs-crud/api/account.go:103.2,105.4 1 0
be-4-rs-crud/api/account.go:99.16,101.3 1 0
be-4-rs-crud/api/account_controller.go:7.64,12.2 4 4
